<?xml version="1.0" encoding="UTF-8"?>
<testsuite xmlns:xsi="http://www.w3.org/2001/XMLSchema-instance" xsi:noNamespaceSchemaLocation="https://maven.apache.org/surefire/maven-surefire-plugin/xsd/surefire-test-report-3.0.xsd" version="3.0" name="game.ParkItTests" time="0.484" tests="21" errors="0" skipped="0" failures="0">
  <properties>
[...]
</properties>
  <testcase name="bestTimeUpdatesOnImprovement" classname="game.ParkItTests" time="0.047"/>
  <testcase name="timerResetsToZero" classname="game.ParkItTests" time="0.032"/>
  <testcase name="parkingStatusDefaultsFalse" classname="game.ParkItTests" time="0.002"/>
  <testcase name="parkingStatusSetters" classname="game.ParkItTests" time="0.002"/>
  <testcase name="carCrashesOnBoundaryExit" classname="game.ParkItTests" time="0.192"/>
  <testcase name="updateDoesNothingWhenCrashed" classname="game.ParkItTests" time="0.003"/>
  <testcase name="accelerateIncreasesSpeed" classname="game.ParkItTests" time="0.001"/>
  <testcase name="loadLevel1HasOneObstacleAndCorrectSpot" classname="game.ParkItTests" time="0.003"/>
  <testcase name="turnLeftOnlyWorksWhenMoving" classname="game.ParkItTests" time="0.001"/>
  <testcase name="inputControllerUpKeyAcceleratesCar" classname="game.ParkItTests" time="0.018"/>
  <testcase name="carSucceedsWhenFullyInParkingSpot" classname="game.ParkItTests" time="0.001"/>
  <testcase name="loadLevel2HasTwoObstacles" classname="game.ParkItTests" time="0.001"/>
  <testcase name="singletonReturnsSameInstance" classname="game.ParkItTests" time="0.002"/>
  <testcase name="bestTimeIgnoresInvalidLevel" classname="game.ParkItTests" time="0.001"/>
  <testcase name="carCrashesOnWallCollision" classname="game.ParkItTests" time="0.002"/>
  <testcase name="menuControllerNextLevelWrapsAfterLevel2" classname="game.ParkItTests" time="0.001"/>
  <testcase name="carStartsAtGivenPosition" classname="game.ParkItTests" time="0.001"/>
  <testcase name="timerRunsAndFreezesOnStop" classname="game.ParkItTests" time="0.102"/>
  <testcase name="reverseDecreasesSpeed" classname="game.ParkItTests" time="0.001"/>
  <testcase name="setPositionResetsSpeedAndAngle" classname="game.ParkItTests" time="0.001"/>
  <testcase name="timerStartsAtZero" classname="game.ParkItTests" time="0.011"/>
</testsuite>