<?xml version="1.0" encoding="UTF-8"?>
<testsuite xmlns:xsi="http://www.w3.org/2001/XMLSchema-instance" xsi:noNamespaceSchemaLocation="https://maven.apache.org/surefire/maven-surefire-plugin/xsd/surefire-test-report-3.0.xsd" version="3.0" name="game.ParkItTests" time="0.822" tests="42" errors="0" skipped="0" failures="0">
  <properties>
[...]
</properties>
  <testcase name="frictionStopsLowSpeedExactly" classname="game.ParkItTests" time="0.19"/>
  <testcase name="bestTimeUpdatesOnImprovement" classname="game.ParkItTests" time="0.006"/>
  <testcase name="loadLevelResetsCarToStartPosition" classname="game.ParkItTests" time="0.026"/>
  <testcase name="multipleObserversNotified" classname="game.ParkItTests" time="0.005"/>
  <testcase name="reverseProducesNegativeSpeed" classname="game.ParkItTests" time="0.005"/>
  <testcase name="boundaryCheckTopWall" classname="game.ParkItTests" time="0.001"/>
  <testcase name="boundaryCheckLeftWall" classname="game.ParkItTests" time="0.003"/>
  <testcase name="statsInitialValues" classname="game.ParkItTests" time="0.001"/>
  <testcase name="inputControllerUpKeyAccelerates" classname="game.ParkItTests" time="0.091"/>
  <testcase name="parkingStatusDefaultState" classname="game.ParkItTests" time="0.003"/>
  <testcase name="noUpdateOccursAfterCrash" classname="game.ParkItTests" time="0.001"/>
  <testcase name="timerNotRunningAfterReset" classname="game.ParkItTests" time="0.044"/>
  <testcase name="parkingStatusDifficulty2" classname="game.ParkItTests" time="0.001"/>
  <testcase name="accelerateIncreasesSpeed" classname="game.ParkItTests" time="0.003"/>
  <testcase name="loadLevelResetsCrashedStatus" classname="game.ParkItTests" time="0.0"/>
  <testcase name="timerResumesCorrectly" classname="game.ParkItTests" time="0.043"/>
  <testcase name="loadLevel1HasOneObstacleAndCorrectSpot" classname="game.ParkItTests" time="0.002"/>
  <testcase name="inputControllerLeftKeyTurns" classname="game.ParkItTests" time="0.001"/>
  <testcase name="turnLeftOnlyWorksWhenMoving" classname="game.ParkItTests" time="0.003"/>
  <testcase name="bestTimeOutOfRangeReturnsZero" classname="game.ParkItTests" time="0.003"/>
  <testcase name="carSucceedsWhenFullyInParkingSpot" classname="game.ParkItTests" time="0.001"/>
  <testcase name="inputControllerRightKeyTurns" classname="game.ParkItTests" time="0.001"/>
  <testcase name="bestTimeNotUpdatedIfWorse" classname="game.ParkItTests" time="0.003"/>
  <testcase name="boundaryCheckBottomWall" classname="game.ParkItTests" time="0.003"/>
  <testcase name="loadLevel2HasTwoObstaclesAndCorrectSpot" classname="game.ParkItTests" time="0.001"/>
  <testcase name="timerResetClearsElapsedTime" classname="game.ParkItTests" time="0.045"/>
  <testcase name="timerFormatConsistency" classname="game.ParkItTests" time="0.002"/>
  <testcase name="inputControllerDownKeyReverses" classname="game.ParkItTests" time="0.003"/>
  <testcase name="turnRightOnlyWorksWhenMoving" classname="game.ParkItTests" time="0.0"/>
  <testcase name="menuControllerNextLevelWrapsAfterLevel2" classname="game.ParkItTests" time="0.004"/>
  <testcase name="carStartsAtGivenPosition" classname="game.ParkItTests" time="0.001"/>
  <testcase name="menuControllerRestartKeepsCurrentLevel" classname="game.ParkItTests" time="0.0"/>
  <testcase name="pressingRRestartsLevel" classname="game.ParkItTests" time="0.003"/>
  <testcase name="timerRunsAndFreezesOnStop" classname="game.ParkItTests" time="0.101"/>
  <testcase name="boundaryCheckRightWall" classname="game.ParkItTests" time="0.001"/>
  <testcase name="carMovementFollowsTrig" classname="game.ParkItTests" time="0.001"/>
  <testcase name="setPositionResetsSpeedAndAngle" classname="game.ParkItTests" time="0.0"/>
  <testcase name="enterKeyRequiresSuccessToAdvance" classname="game.ParkItTests" time="0.001"/>
  <testcase name="enterKeyAdvancesLevelOnSuccess" classname="game.ParkItTests" time="0.004"/>
  <testcase name="carBoundsReflectsPosition" classname="game.ParkItTests" time="0.001"/>
  <testcase name="obstacleCollisionCrashesCar" classname="game.ParkItTests" time="0.002"/>
  <testcase name="carMustBeFullyInsideSpotToSucceed" classname="game.ParkItTests" time="0.001"/>
</testsuite>